e:\download codes\cocos2d-x-3.3rc0\projects\sushicrash\proj.win32\debug.win32\playlayer.obj
e:\download codes\cocos2d-x-3.3rc0\projects\sushicrash\proj.win32\debug.win32\helloworldscene.obj
e:\download codes\cocos2d-x-3.3rc0\projects\sushicrash\proj.win32\debug.win32\main.obj
e:\download codes\cocos2d-x-3.3rc0\projects\sushicrash\proj.win32\debug.win32\appdelegate.obj
e:\download codes\cocos2d-x-3.3rc0\projects\sushicrash\proj.win32\debug.win32\vc120.pdb
e:\download codes\cocos2d-x-3.3rc0\projects\sushicrash\proj.win32\debug.win32\vc120.idb
e:\download codes\cocos2d-x-3.3rc0\projects\sushicrash\proj.win32\debug.win32\sushisprite.obj
e:\download codes\cocos2d-x-3.3rc0\projects\sushicrash\proj.win32\debug.win32\mainlayer.obj
e:\download codes\cocos2d-x-3.3rc0\projects\sushicrash\proj.win32\debug.win32\targetlayer.obj
e:\download codes\cocos2d-x-3.3rc0\projects\sushicrash\proj.win32\debug.win32\gamecontroller.obj
e:\download codes\cocos2d-x-3.3rc0\build\debug.win32\sushicrash.ilk
e:\download codes\cocos2d-x-3.3rc0\build\debug.win32\sushicrash.exe
e:\download codes\cocos2d-x-3.3rc0\build\debug.win32\sushicrash.pdb
e:\download codes\cocos2d-x-3.3rc0\projects\sushicrash\proj.win32\debug.win32\game.res
e:\download codes\cocos2d-x-3.3rc0\build\debug.win32\sushicrash.lib
e:\download codes\cocos2d-x-3.3rc0\build\debug.win32\sushicrash.exp
e:\download codes\cocos2d-x-3.3rc0\projects\sushicrash\proj.win32\debug.win32\sushicrash.vcxprojresolveassemblyreference.cache
e:\download codes\cocos2d-x-3.3rc0\projects\sushicrash\proj.win32\debug.win32\sushicrash.tlog\cl.command.1.tlog
e:\download codes\cocos2d-x-3.3rc0\projects\sushicrash\proj.win32\debug.win32\sushicrash.tlog\cl.read.1.tlog
e:\download codes\cocos2d-x-3.3rc0\projects\sushicrash\proj.win32\debug.win32\sushicrash.tlog\cl.write.1.tlog
e:\download codes\cocos2d-x-3.3rc0\projects\sushicrash\proj.win32\debug.win32\sushicrash.tlog\link.command.1.tlog
e:\download codes\cocos2d-x-3.3rc0\projects\sushicrash\proj.win32\debug.win32\sushicrash.tlog\link.read.1.tlog
e:\download codes\cocos2d-x-3.3rc0\projects\sushicrash\proj.win32\debug.win32\sushicrash.tlog\link.write.1.tlog
e:\download codes\cocos2d-x-3.3rc0\projects\sushicrash\proj.win32\debug.win32\sushicrash.tlog\rc.command.1.tlog
e:\download codes\cocos2d-x-3.3rc0\projects\sushicrash\proj.win32\debug.win32\sushicrash.tlog\rc.read.1.tlog
e:\download codes\cocos2d-x-3.3rc0\projects\sushicrash\proj.win32\debug.win32\sushicrash.tlog\rc.write.1.tlog
e:\download codes\cocos2d-x-3.3rc0\projects\sushicrash\proj.win32\debug.win32\sushicrash.tlog\sushicrash.write.1u.tlog
